# JRE version: OpenJDK Runtime Environment (11.0.11) (build 11.0.11+0-b60-7590822)
# Java VM: OpenJDK 64-Bit Server VM (11.0.11+0-b60-7590822, mixed mode, tiered, compressed oops, g1 gc, linux-amd64)
Heap:
 garbage-first heap   total 233472K, used 111937K [0x0000000080000000, 0x0000000100000000)
  region size 1024K, 10 young (10240K), 3 survivors (3072K)
 Metaspace       used 131386K, capacity 136001K, committed 136404K, reserved 1167360K
  class space    used 15985K, capacity 17706K, committed 17792K, reserved 1048576K
GC Heap History (20 events):
Event: 9002,038 GC heap before
{Heap before GC invocations=252 (full 0):
 garbage-first heap   total 233472K, used 114270K [0x0000000080000000, 0x0000000100000000)
  region size 1024K, 11 young (11264K), 4 survivors (4096K)
 Metaspace       used 131244K, capacity 135910K, committed 136404K, reserved 1167360K
  class space    used 15983K, capacity 17704K, committed 17792K, reserved 1048576K
}
Event: 9002,061 GC heap after
{Heap after GC invocations=253 (full 0):
 garbage-first heap   total 233472K, used 88016K [0x0000000080000000, 0x0000000100000000)
  region size 1024K, 2 young (2048K), 2 survivors (2048K)
 Metaspace       used 131244K, capacity 135910K, committed 136404K, reserved 1167360K
  class space    used 15983K, capacity 17704K, committed 17792K, reserved 1048576K
}
Event: 9002,253 GC heap before
{Heap before GC invocations=253 (full 0):
 garbage-first heap   total 233472K, used 127952K [0x0000000080000000, 0x0000000100000000)
  region size 1024K, 43 young (44032K), 2 survivors (2048K)
 Metaspace       used 131276K, capacity 135917K, committed 136404K, reserved 1167360K
  class space    used 15985K, capacity 17706K, committed 17792K, reserved 1048576K
}
Event: 9002,265 GC heap after
{Heap after GC invocations=254 (full 0):
 garbage-first heap   total 233472K, used 93230K [0x0000000080000000, 0x0000000100000000)
  region size 1024K, 7 young (7168K), 7 survivors (7168K)
 Metaspace       used 131276K, capacity 135917K, committed 136404K, reserved 1167360K
  class space    used 15985K, capacity 17706K, committed 17792K, reserved 1048576K
}
Event: 9002,548 GC heap before
{Heap before GC invocations=255 (full 0):
 garbage-first heap   total 233472K, used 154670K [0x0000000080000000, 0x0000000100000000)
  region size 1024K, 67 young (68608K), 7 survivors (7168K)
 Metaspace       used 131294K, capacity 135913K, committed 136404K, reserved 1167360K
  class space    used 15984K, capacity 17704K, committed 17792K, reserved 1048576K
}
Event: 9002,560 GC heap after
{Heap after GC invocations=256 (full 0):
 garbage-first heap   total 233472K, used 95864K [0x0000000080000000, 0x0000000100000000)
  region size 1024K, 2 young (2048K), 2 survivors (2048K)
 Metaspace       used 131294K, capacity 135913K, committed 136404K, reserved 1167360K
  class space    used 15984K, capacity 17704K, committed 17792K, reserved 1048576K
}
Event: 9523,773 GC heap before
{Heap before GC invocations=257 (full 0):
 garbage-first heap   total 233472K, used 178808K [0x0000000080000000, 0x0000000100000000)
  region size 1024K, 73 young (74752K), 2 survivors (2048K)
 Metaspace       used 131315K, capacity 135924K, committed 136404K, reserved 1167360K
  class space    used 15985K, capacity 17706K, committed 17792K, reserved 1048576K
}
Event: 9523,782 GC heap after
{Heap after GC invocations=258 (full 0):
 garbage-first heap   total 233472K, used 107280K [0x0000000080000000, 0x0000000100000000)
  region size 1024K, 10 young (10240K), 10 survivors (10240K)
 Metaspace       used 131315K, capacity 135924K, committed 136404K, reserved 1167360K
  class space    used 15985K, capacity 17706K, committed 17792K, reserved 1048576K
}
Event: 9523,784 GC heap before
{Heap before GC invocations=258 (full 0):
 garbage-first heap   total 233472K, used 108304K [0x0000000080000000, 0x0000000100000000)
  region size 1024K, 11 young (11264K), 10 survivors (10240K)
 Metaspace       used 131315K, capacity 135924K, committed 136404K, reserved 1167360K
  class space    used 15985K, capacity 17706K, committed 17792K, reserved 1048576K
}
Event: 9523,796 GC heap after
{Heap after GC invocations=259 (full 0):
 garbage-first heap   total 233472K, used 103810K [0x0000000080000000, 0x0000000100000000)
  region size 1024K, 2 young (2048K), 2 survivors (2048K)
 Metaspace       used 131315K, capacity 135924K, committed 136404K, reserved 1167360K
  class space    used 15985K, capacity 17706K, committed 17792K, reserved 1048576K
}
Event: 9523,994 GC heap before
{Heap before GC invocations=259 (full 0):
 garbage-first heap   total 233472K, used 150914K [0x0000000080000000, 0x0000000100000000)
  region size 1024K, 50 young (51200K), 2 survivors (2048K)
 Metaspace       used 131634K, capacity 136235K, committed 136404K, reserved 1167360K
  class space    used 16007K, capacity 17744K, committed 17792K, reserved 1048576K
}
Event: 9524,005 GC heap after
{Heap after GC invocations=260 (full 0):
 garbage-first heap   total 233472K, used 108227K [0x0000000080000000, 0x0000000100000000)
  region size 1024K, 6 young (6144K), 6 survivors (6144K)
 Metaspace       used 131634K, capacity 136235K, committed 136404K, reserved 1167360K
  class space    used 16007K, capacity 17744K, committed 17792K, reserved 1048576K
}
Event: 11074,576 GC heap before
{Heap before GC invocations=261 (full 0):
 garbage-first heap   total 233472K, used 180931K [0x0000000080000000, 0x0000000100000000)
  region size 1024K, 71 young (72704K), 6 survivors (6144K)
 Metaspace       used 131373K, capacity 135995K, committed 136404K, reserved 1167360K
  class space    used 15984K, capacity 17704K, committed 17792K, reserved 1048576K
}
Event: 11074,617 GC heap after
{Heap after GC invocations=262 (full 0):
 garbage-first heap   total 233472K, used 108797K [0x0000000080000000, 0x0000000100000000)
  region size 1024K, 5 young (5120K), 5 survivors (5120K)
 Metaspace       used 131373K, capacity 135995K, committed 136404K, reserved 1167360K
  class space    used 15984K, capacity 17704K, committed 17792K, reserved 1048576K
}
Event: 11074,731 GC heap before
{Heap before GC invocations=262 (full 0):
 garbage-first heap   total 233472K, used 114941K [0x0000000080000000, 0x0000000100000000)
  region size 1024K, 11 young (11264K), 5 survivors (5120K)
 Metaspace       used 131373K, capacity 135995K, committed 136404K, reserved 1167360K
  class space    used 15984K, capacity 17704K, committed 17792K, reserved 1048576K
}
Event: 11074,754 GC heap after
{Heap after GC invocations=263 (full 0):
 garbage-first heap   total 233472K, used 103810K [0x0000000080000000, 0x0000000100000000)
  region size 1024K, 1 young (1024K), 1 survivors (1024K)
 Metaspace       used 131373K, capacity 135995K, committed 136404K, reserved 1167360K
  class space    used 15984K, capacity 17704K, committed 17792K, reserved 1048576K
}
Event: 11074,859 GC heap before
{Heap before GC invocations=263 (full 0):
 garbage-first heap   total 233472K, used 114050K [0x0000000080000000, 0x0000000100000000)
  region size 1024K, 11 young (11264K), 1 survivors (1024K)
 Metaspace       used 131376K, capacity 135995K, committed 136404K, reserved 1167360K
  class space    used 15984K, capacity 17704K, committed 17792K, reserved 1048576K
}
Event: 11074,876 GC heap after
{Heap after GC invocations=264 (full 0):
 garbage-first heap   total 233472K, used 102897K [0x0000000080000000, 0x0000000100000000)
  region size 1024K, 2 young (2048K), 2 survivors (2048K)
 Metaspace       used 131376K, capacity 135995K, committed 136404K, reserved 1167360K
  class space    used 15984K, capacity 17704K, committed 17792K, reserved 1048576K
}
Event: 11074,953 GC heap before
{Heap before GC invocations=264 (full 0):
 garbage-first heap   total 233472K, used 103921K [0x0000000080000000, 0x0000000100000000)
  region size 1024K, 4 young (4096K), 2 survivors (2048K)
 Metaspace       used 131386K, capacity 136001K, committed 136404K, reserved 1167360K
  class space    used 15985K, capacity 17706K, committed 17792K, reserved 1048576K
}
Event: 11074,962 GC heap after
{Heap after GC invocations=265 (full 0):
 garbage-first heap   total 233472K, used 103745K [0x0000000080000000, 0x0000000100000000)
  region size 1024K, 3 young (3072K), 3 survivors (3072K)
 Metaspace       used 131386K, capacity 136001K, committed 136404K, reserved 1167360K
  class space    used 15985K, capacity 17706K, committed 17792K, reserved 1048576K
}

