# JRE version: OpenJDK Runtime Environment (11.0.11) (build 11.0.11+0-b60-7590822)
# Java VM: OpenJDK 64-Bit Server VM (11.0.11+0-b60-7590822, mixed mode, tiered, compressed oops, g1 gc, linux-amd64)
Heap:
 garbage-first heap   total 343040K, used 122715K [0x0000000080000000, 0x0000000100000000)
  region size 1024K, 20 young (20480K), 2 survivors (2048K)
 Metaspace       used 129215K, capacity 133257K, committed 133528K, reserved 1165312K
  class space    used 15905K, capacity 17406K, committed 17612K, reserved 1048576K
GC Heap History (20 events):
Event: 1613,798 GC heap before
{Heap before GC invocations=118 (full 0):
 garbage-first heap   total 343040K, used 197538K [0x0000000080000000, 0x0000000100000000)
  region size 1024K, 77 young (78848K), 2 survivors (2048K)
 Metaspace       used 128199K, capacity 132082K, committed 132632K, reserved 1165312K
  class space    used 15852K, capacity 17313K, committed 17484K, reserved 1048576K
}
Event: 1613,819 GC heap after
{Heap after GC invocations=119 (full 0):
 garbage-first heap   total 343040K, used 130134K [0x0000000080000000, 0x0000000100000000)
  region size 1024K, 10 young (10240K), 10 survivors (10240K)
 Metaspace       used 128199K, capacity 132082K, committed 132632K, reserved 1165312K
  class space    used 15852K, capacity 17313K, committed 17484K, reserved 1048576K
}
Event: 1888,956 GC heap before
{Heap before GC invocations=120 (full 0):
 garbage-first heap   total 343040K, used 237654K [0x0000000080000000, 0x0000000100000000)
  region size 1024K, 101 young (103424K), 10 survivors (10240K)
 Metaspace       used 128555K, capacity 132549K, committed 132888K, reserved 1165312K
  class space    used 15899K, capacity 17398K, committed 17484K, reserved 1048576K
}
Event: 1888,978 GC heap after
{Heap after GC invocations=121 (full 0):
 garbage-first heap   total 343040K, used 130420K [0x0000000080000000, 0x0000000100000000)
  region size 1024K, 4 young (4096K), 4 survivors (4096K)
 Metaspace       used 128555K, capacity 132549K, committed 132888K, reserved 1165312K
  class space    used 15899K, capacity 17398K, committed 17484K, reserved 1048576K
}
Event: 1889,070 GC heap before
{Heap before GC invocations=121 (full 0):
 garbage-first heap   total 343040K, used 142708K [0x0000000080000000, 0x0000000100000000)
  region size 1024K, 16 young (16384K), 4 survivors (4096K)
 Metaspace       used 128589K, capacity 132553K, committed 132888K, reserved 1165312K
  class space    used 15900K, capacity 17399K, committed 17484K, reserved 1048576K
}
Event: 1889,087 GC heap after
{Heap after GC invocations=122 (full 0):
 garbage-first heap   total 343040K, used 120662K [0x0000000080000000, 0x0000000100000000)
  region size 1024K, 2 young (2048K), 2 survivors (2048K)
 Metaspace       used 128589K, capacity 132553K, committed 132888K, reserved 1165312K
  class space    used 15900K, capacity 17399K, committed 17484K, reserved 1048576K
}
Event: 1889,294 GC heap before
{Heap before GC invocations=122 (full 0):
 garbage-first heap   total 343040K, used 136022K [0x0000000080000000, 0x0000000100000000)
  region size 1024K, 19 young (19456K), 2 survivors (2048K)
 Metaspace       used 128621K, capacity 132624K, committed 132888K, reserved 1165312K
  class space    used 15900K, capacity 17401K, committed 17484K, reserved 1048576K
}
Event: 1889,304 GC heap after
{Heap after GC invocations=123 (full 0):
 garbage-first heap   total 343040K, used 122710K [0x0000000080000000, 0x0000000100000000)
  region size 1024K, 4 young (4096K), 4 survivors (4096K)
 Metaspace       used 128621K, capacity 132624K, committed 132888K, reserved 1165312K
  class space    used 15900K, capacity 17401K, committed 17484K, reserved 1048576K
}
Event: 1903,188 GC heap before
{Heap before GC invocations=124 (full 0):
 garbage-first heap   total 343040K, used 234326K [0x0000000080000000, 0x0000000100000000)
  region size 1024K, 95 young (97280K), 4 survivors (4096K)
 Metaspace       used 128871K, capacity 132916K, committed 133144K, reserved 1165312K
  class space    used 15902K, capacity 17404K, committed 17484K, reserved 1048576K
}
Event: 1903,198 GC heap after
{Heap after GC invocations=125 (full 0):
 garbage-first heap   total 343040K, used 126297K [0x0000000080000000, 0x0000000100000000)
  region size 1024K, 6 young (6144K), 6 survivors (6144K)
 Metaspace       used 128871K, capacity 132916K, committed 133144K, reserved 1165312K
  class space    used 15902K, capacity 17404K, committed 17484K, reserved 1048576K
}
Event: 1903,237 GC heap before
{Heap before GC invocations=125 (full 0):
 garbage-first heap   total 343040K, used 135513K [0x0000000080000000, 0x0000000100000000)
  region size 1024K, 16 young (16384K), 6 survivors (6144K)
 Metaspace       used 128894K, capacity 132916K, committed 133144K, reserved 1165312K
  class space    used 15902K, capacity 17404K, committed 17484K, reserved 1048576K
}
Event: 1903,251 GC heap after
{Heap after GC invocations=126 (full 0):
 garbage-first heap   total 343040K, used 108085K [0x0000000080000000, 0x0000000100000000)
  region size 1024K, 2 young (2048K), 2 survivors (2048K)
 Metaspace       used 128894K, capacity 132916K, committed 133144K, reserved 1165312K
  class space    used 15902K, capacity 17404K, committed 17484K, reserved 1048576K
}
Event: 1903,419 GC heap before
{Heap before GC invocations=126 (full 0):
 garbage-first heap   total 343040K, used 137781K [0x0000000080000000, 0x0000000100000000)
  region size 1024K, 32 young (32768K), 2 survivors (2048K)
 Metaspace       used 128962K, capacity 132990K, committed 133144K, reserved 1165312K
  class space    used 15903K, capacity 17406K, committed 17484K, reserved 1048576K
}
Event: 1903,437 GC heap after
{Heap after GC invocations=127 (full 0):
 garbage-first heap   total 343040K, used 112018K [0x0000000080000000, 0x0000000100000000)
  region size 1024K, 6 young (6144K), 6 survivors (6144K)
 Metaspace       used 128962K, capacity 132990K, committed 133144K, reserved 1165312K
  class space    used 15903K, capacity 17406K, committed 17484K, reserved 1048576K
}
Event: 2873,809 GC heap before
{Heap before GC invocations=128 (full 0):
 garbage-first heap   total 343040K, used 232850K [0x0000000080000000, 0x0000000100000000)
  region size 1024K, 106 young (108544K), 6 survivors (6144K)
 Metaspace       used 129152K, capacity 133129K, committed 133528K, reserved 1165312K
  class space    used 15904K, capacity 17406K, committed 17612K, reserved 1048576K
}
Event: 2873,831 GC heap after
{Heap after GC invocations=129 (full 0):
 garbage-first heap   total 343040K, used 113506K [0x0000000080000000, 0x0000000100000000)
  region size 1024K, 6 young (6144K), 6 survivors (6144K)
 Metaspace       used 129152K, capacity 133129K, committed 133528K, reserved 1165312K
  class space    used 15904K, capacity 17406K, committed 17612K, reserved 1048576K
}
Event: 3255,229 GC heap before
{Heap before GC invocations=129 (full 0):
 garbage-first heap   total 343040K, used 123746K [0x0000000080000000, 0x0000000100000000)
  region size 1024K, 16 young (16384K), 6 survivors (6144K)
 Metaspace       used 129152K, capacity 133129K, committed 133528K, reserved 1165312K
  class space    used 15904K, capacity 17406K, committed 17612K, reserved 1048576K
}
Event: 3255,249 GC heap after
{Heap after GC invocations=130 (full 0):
 garbage-first heap   total 343040K, used 104681K [0x0000000080000000, 0x0000000100000000)
  region size 1024K, 1 young (1024K), 1 survivors (1024K)
 Metaspace       used 129152K, capacity 133129K, committed 133528K, reserved 1165312K
  class space    used 15904K, capacity 17406K, committed 17612K, reserved 1048576K
}
Event: 7273,147 GC heap before
{Heap before GC invocations=130 (full 0):
 garbage-first heap   total 343040K, used 218345K [0x0000000080000000, 0x0000000100000000)
  region size 1024K, 112 young (114688K), 1 survivors (1024K)
 Metaspace       used 129184K, capacity 133129K, committed 133528K, reserved 1165312K
  class space    used 15905K, capacity 17406K, committed 17612K, reserved 1048576K
}
Event: 7273,166 GC heap after
{Heap after GC invocations=131 (full 0):
 garbage-first heap   total 343040K, used 105307K [0x0000000080000000, 0x0000000100000000)
  region size 1024K, 2 young (2048K), 2 survivors (2048K)
 Metaspace       used 129184K, capacity 133129K, committed 133528K, reserved 1165312K
  class space    used 15905K, capacity 17406K, committed 17612K, reserved 1048576K
}

