# JRE version: OpenJDK Runtime Environment (11.0.11) (build 11.0.11+0-b60-7590822)
# Java VM: OpenJDK 64-Bit Server VM (11.0.11+0-b60-7590822, mixed mode, tiered, compressed oops, g1 gc, linux-amd64)
Heap:
 garbage-first heap   total 235520K, used 102036K [0x0000000080000000, 0x0000000100000000)
  region size 1024K, 15 young (15360K), 7 survivors (7168K)
 Metaspace       used 129702K, capacity 134185K, committed 135112K, reserved 1167360K
  class space    used 15835K, capacity 17486K, committed 17740K, reserved 1048576K
GC Heap History (20 events):
Event: 17270,190 GC heap before
{Heap before GC invocations=207 (full 0):
 garbage-first heap   total 235520K, used 181289K [0x0000000080000000, 0x0000000100000000)
  region size 1024K, 74 young (75776K), 1 survivors (1024K)
 Metaspace       used 129521K, capacity 134088K, committed 134856K, reserved 1167360K
  class space    used 15851K, capacity 17518K, committed 17740K, reserved 1048576K
}
Event: 17270,210 GC heap after
{Heap after GC invocations=208 (full 0):
 garbage-first heap   total 235520K, used 112871K [0x0000000080000000, 0x0000000100000000)
  region size 1024K, 6 young (6144K), 6 survivors (6144K)
 Metaspace       used 129521K, capacity 134088K, committed 134856K, reserved 1167360K
  class space    used 15851K, capacity 17518K, committed 17740K, reserved 1048576K
}
Event: 17299,963 GC heap before
{Heap before GC invocations=209 (full 0):
 garbage-first heap   total 235520K, used 195815K [0x0000000080000000, 0x0000000100000000)
  region size 1024K, 77 young (78848K), 6 survivors (6144K)
 Metaspace       used 129472K, capacity 133984K, committed 134856K, reserved 1167360K
  class space    used 15831K, capacity 17480K, committed 17740K, reserved 1048576K
}
Event: 17299,970 GC heap after
{Heap after GC invocations=210 (full 0):
 garbage-first heap   total 235520K, used 113049K [0x0000000080000000, 0x0000000100000000)
  region size 1024K, 3 young (3072K), 3 survivors (3072K)
 Metaspace       used 129472K, capacity 133984K, committed 134856K, reserved 1167360K
  class space    used 15831K, capacity 17480K, committed 17740K, reserved 1048576K
}
Event: 17300,006 GC heap before
{Heap before GC invocations=210 (full 0):
 garbage-first heap   total 235520K, used 120217K [0x0000000080000000, 0x0000000100000000)
  region size 1024K, 11 young (11264K), 3 survivors (3072K)
 Metaspace       used 129472K, capacity 133984K, committed 134856K, reserved 1167360K
  class space    used 15831K, capacity 17480K, committed 17740K, reserved 1048576K
}
Event: 17300,026 GC heap after
{Heap after GC invocations=211 (full 0):
 garbage-first heap   total 235520K, used 92643K [0x0000000080000000, 0x0000000100000000)
  region size 1024K, 1 young (1024K), 1 survivors (1024K)
 Metaspace       used 129472K, capacity 133984K, committed 134856K, reserved 1167360K
  class space    used 15831K, capacity 17480K, committed 17740K, reserved 1048576K
}
Event: 17300,166 GC heap before
{Heap before GC invocations=211 (full 0):
 garbage-first heap   total 235520K, used 124387K [0x0000000080000000, 0x0000000100000000)
  region size 1024K, 33 young (33792K), 1 survivors (1024K)
 Metaspace       used 129503K, capacity 134069K, committed 134856K, reserved 1167360K
  class space    used 15832K, capacity 17482K, committed 17740K, reserved 1048576K
}
Event: 17300,183 GC heap after
{Heap after GC invocations=212 (full 0):
 garbage-first heap   total 235520K, used 97451K [0x0000000080000000, 0x0000000100000000)
  region size 1024K, 6 young (6144K), 6 survivors (6144K)
 Metaspace       used 129503K, capacity 134069K, committed 134856K, reserved 1167360K
  class space    used 15832K, capacity 17482K, committed 17740K, reserved 1048576K
}
Event: 17325,864 GC heap before
{Heap before GC invocations=213 (full 0):
 garbage-first heap   total 235520K, used 177323K [0x0000000080000000, 0x0000000100000000)
  region size 1024K, 76 young (77824K), 6 survivors (6144K)
 Metaspace       used 129586K, capacity 134097K, committed 135112K, reserved 1167360K
  class space    used 15832K, capacity 17481K, committed 17740K, reserved 1048576K
}
Event: 17325,872 GC heap after
{Heap after GC invocations=214 (full 0):
 garbage-first heap   total 235520K, used 98458K [0x0000000080000000, 0x0000000100000000)
  region size 1024K, 6 young (6144K), 6 survivors (6144K)
 Metaspace       used 129586K, capacity 134097K, committed 135112K, reserved 1167360K
  class space    used 15832K, capacity 17481K, committed 17740K, reserved 1048576K
}
Event: 17325,878 GC heap before
{Heap before GC invocations=214 (full 0):
 garbage-first heap   total 235520K, used 102554K [0x0000000080000000, 0x0000000100000000)
  region size 1024K, 11 young (11264K), 6 survivors (6144K)
 Metaspace       used 129586K, capacity 134097K, committed 135112K, reserved 1167360K
  class space    used 15832K, capacity 17481K, committed 17740K, reserved 1048576K
}
Event: 17325,888 GC heap after
{Heap after GC invocations=215 (full 0):
 garbage-first heap   total 235520K, used 89420K [0x0000000080000000, 0x0000000100000000)
  region size 1024K, 1 young (1024K), 1 survivors (1024K)
 Metaspace       used 129586K, capacity 134097K, committed 135112K, reserved 1167360K
  class space    used 15832K, capacity 17481K, committed 17740K, reserved 1048576K
}
Event: 17326,008 GC heap before
{Heap before GC invocations=215 (full 0):
 garbage-first heap   total 235520K, used 118092K [0x0000000080000000, 0x0000000100000000)
  region size 1024K, 31 young (31744K), 1 survivors (1024K)
 Metaspace       used 129597K, capacity 134103K, committed 135112K, reserved 1167360K
  class space    used 15832K, capacity 17483K, committed 17740K, reserved 1048576K
}
Event: 17326,023 GC heap after
{Heap after GC invocations=216 (full 0):
 garbage-first heap   total 235520K, used 93662K [0x0000000080000000, 0x0000000100000000)
  region size 1024K, 6 young (6144K), 6 survivors (6144K)
 Metaspace       used 129597K, capacity 134103K, committed 135112K, reserved 1167360K
  class space    used 15832K, capacity 17483K, committed 17740K, reserved 1048576K
}
Event: 17881,198 GC heap before
{Heap before GC invocations=217 (full 0):
 garbage-first heap   total 235520K, used 182750K [0x0000000080000000, 0x0000000100000000)
  region size 1024K, 83 young (84992K), 6 survivors (6144K)
 Metaspace       used 129624K, capacity 134109K, committed 135112K, reserved 1167360K
  class space    used 15834K, capacity 17484K, committed 17740K, reserved 1048576K
}
Event: 17881,256 GC heap after
{Heap after GC invocations=218 (full 0):
 garbage-first heap   total 235520K, used 95032K [0x0000000080000000, 0x0000000100000000)
  region size 1024K, 5 young (5120K), 5 survivors (5120K)
 Metaspace       used 129624K, capacity 134109K, committed 135112K, reserved 1167360K
  class space    used 15834K, capacity 17484K, committed 17740K, reserved 1048576K
}
Event: 18121,196 GC heap before
{Heap before GC invocations=218 (full 0):
 garbage-first heap   total 235520K, used 100152K [0x0000000080000000, 0x0000000100000000)
  region size 1024K, 11 young (11264K), 5 survivors (5120K)
 Metaspace       used 129624K, capacity 134109K, committed 135112K, reserved 1167360K
  class space    used 15834K, capacity 17484K, committed 17740K, reserved 1048576K
}
Event: 18121,273 GC heap after
{Heap after GC invocations=219 (full 0):
 garbage-first heap   total 235520K, used 87870K [0x0000000080000000, 0x0000000100000000)
  region size 1024K, 1 young (1024K), 1 survivors (1024K)
 Metaspace       used 129624K, capacity 134109K, committed 135112K, reserved 1167360K
  class space    used 15834K, capacity 17484K, committed 17740K, reserved 1048576K
}
Event: 18432,993 GC heap before
{Heap before GC invocations=219 (full 0):
 garbage-first heap   total 235520K, used 140094K [0x0000000080000000, 0x0000000100000000)
  region size 1024K, 54 young (55296K), 1 survivors (1024K)
 Metaspace       used 129702K, capacity 134185K, committed 135112K, reserved 1167360K
  class space    used 15835K, capacity 17486K, committed 17740K, reserved 1048576K
}
Event: 18433,008 GC heap after
{Heap after GC invocations=220 (full 0):
 garbage-first heap   total 235520K, used 93844K [0x0000000080000000, 0x0000000100000000)
  region size 1024K, 7 young (7168K), 7 survivors (7168K)
 Metaspace       used 129702K, capacity 134185K, committed 135112K, reserved 1167360K
  class space    used 15835K, capacity 17486K, committed 17740K, reserved 1048576K
}

